<?xml version="1.0" encoding="UTF-8"?>
<!-- Generated by org.testng.reporters.JUnitReportReporter -->
<testsuite hostname="DESKTOP-4P4T2K1" failures="0" tests="3" name="flipkart.ExcelDataProvider" time="34.764" errors="0" timestamp="2021-01-20T13:57:59 IST" skipped="0">
  <testcase classname="flipkart.ExcelDataProvider" name="test1" time="4.739"/>
  <system-out/>
  <testcase classname="flipkart.ExcelDataProvider" name="test1" time="19.812"/>
  <system-out/>
  <testcase classname="flipkart.ExcelDataProvider" name="test1" time="10.213"/>
  <system-out/>
</testsuite> <!-- flipkart.ExcelDataProvider -->
